faces:py: make features zero mean and unit variance
faces.py: targets are [-1, 1]
target values (min, max):  (-1.0, 1.0)
(800, 10202)
(800, 1)
batch_size:  1
learning_rate:  0.001
0,0.0925,0.1307
1,0.0700,0.1256
2,0.0625,0.1407
3,0.0887,0.1256
4,0.0387,0.1106
5,0.0300,0.1055
6,0.0725,0.1256
7,0.0337,0.1005
8,0.0238,0.0955
9,0.0150,0.1005
10,0.0537,0.1106
11,0.0500,0.1156
12,0.0175,0.1005
13,0.0150,0.1156
14,0.0363,0.1156
15,0.0150,0.1156
16,0.0075,0.0804
17,0.0088,0.0955
18,0.0062,0.0905
19,0.0125,0.1156
20,0.0050,0.1106
21,0.0050,0.0804
22,0.0012,0.0804
23,0.0038,0.1005
24,0.0375,0.0955
25,0.0425,0.1206
26,0.0125,0.1106
27,0.0000,0.0905
28,0.0000,0.0905
29,0.0000,0.0905
30,0.0000,0.0905
31,0.0000,0.0905

