faces:py: make features zero mean and unit variance
faces.py: targets are [-1, 1]
target values (min, max):  (-1.0, 1.0)
(800, 10202)
(800, 1)
batch_size:  1
learning_rate:  0.001
0,0.0900,0.1608
1,0.0750,0.0905
2,0.0487,0.0804
3,0.0537,0.0854
4,0.0300,0.0704
5,0.0475,0.1005
6,0.0900,0.0905
7,0.0162,0.0804
8,0.0575,0.0955
9,0.0212,0.0854
10,0.0337,0.0854
11,0.0800,0.1055
12,0.0100,0.0653
13,0.0188,0.0854
14,0.0162,0.1005
15,0.0138,0.0704
16,0.0062,0.0653
17,0.0100,0.0905
18,0.0125,0.0955
19,0.0150,0.0955
20,0.0188,0.0653
21,0.0025,0.0754
22,0.0200,0.0804
23,0.0212,0.0854
24,0.0050,0.0754
25,0.0050,0.0905
26,0.0600,0.0905
27,0.0012,0.0754
28,0.0100,0.0603
29,0.0012,0.0704
30,0.0000,0.0804
31,0.0000,0.0804
32,0.0000,0.0804
33,0.0000,0.0804
34,0.0000,0.0804

