
faces:py: make features zero mean and unit variance
faces.py: targets are [-1, 1]
target values (min, max):  (-1.0, 1.0)
(800, 10202)
(800, 1)
batch_size:  1
learning_rate:  0.001
0,0.0962,0.1106
1,0.0863,0.0905
2,0.0575,0.0704
3,0.0350,0.0704
4,0.0437,0.0804
5,0.0250,0.0653
6,0.0288,0.0905
7,0.0275,0.0854
8,0.0312,0.0754
9,0.0487,0.1005
10,0.0350,0.0653
11,0.0188,0.0854
12,0.0112,0.0754
13,0.0075,0.0603
14,0.0050,0.0754
15,0.0250,0.0754
16,0.0550,0.1256
17,0.0100,0.0804
18,0.0038,0.0854
19,0.0262,0.0754
20,0.0050,0.0653
21,0.0062,0.0754
22,0.0262,0.0854
23,0.0050,0.0905
24,0.0050,0.0905
25,0.0288,0.0754
26,0.0038,0.0804
27,0.0025,0.0905
28,0.0012,0.0804
29,0.0913,0.1256
30,0.0000,0.0704
31,0.0000,0.0704
32,0.0000,0.0704
33,0.0000,0.0704
